<?xml version="1.0" encoding="UTF-8"?>
<testsuite xmlns:xsi="http://www.w3.org/2001/XMLSchema-instance" xsi:noNamespaceSchemaLocation="https://maven.apache.org/surefire/maven-surefire-plugin/xsd/surefire-test-report.xsd" name="main.TestCalc2" time="0.015" tests="9" errors="7" skipped="0" failures="2">
  <properties>
[...]
</properties>
  <testcase name="testObese" classname="main.TestCalc2" time="0">
    <error message="Unresolved compilation problem: &#10;	The method getBMICategoryString(double, double) is undefined for the type BMICalc&#10;" type="java.lang.Error">java.lang.Error: 
Unresolved compilation problem: 
	The method getBMICategoryString(double, double) is undefined for the type BMICalc

	at main.TestCalc2.testObese(TestCalc2.java:105)
</error>
  </testcase>
  <testcase name="testNegativeOrZeroWeight" classname="main.TestCalc2" time="0">
    <failure message="expected: &lt;-1.0&gt; but was: &lt;0.0&gt;" type="org.opentest4j.AssertionFailedError"><![CDATA[org.opentest4j.AssertionFailedError: expected: <-1.0> but was: <0.0>
	at main.TestCalc2.testNegativeOrZeroWeight(TestCalc2.java:118)
]]></failure>
  </testcase>
  <testcase name="testOverweightBoundary" classname="main.TestCalc2" time="0">
    <error message="Unresolved compilation problem: &#10;	The method getBMICategoryString(double, double) is undefined for the type BMICalc&#10;" type="java.lang.Error">java.lang.Error: 
Unresolved compilation problem: 
	The method getBMICategoryString(double, double) is undefined for the type BMICalc

	at main.TestCalc2.testOverweightBoundary(TestCalc2.java:63)
</error>
  </testcase>
  <testcase name="testUnderweight" classname="main.TestCalc2" time="0">
    <error message="Unresolved compilation problem: &#10;	The method getBMICategoryString(double, double) is undefined for the type BMICalc&#10;" type="java.lang.Error">java.lang.Error: 
Unresolved compilation problem: 
	The method getBMICategoryString(double, double) is undefined for the type BMICalc

	at main.TestCalc2.testUnderweight(TestCalc2.java:21)
</error>
  </testcase>
  <testcase name="testNegativeOrZeroheight" classname="main.TestCalc2" time="0">
    <failure message="expected: &lt;-1.0&gt; but was: &lt;9.223372036854776E17&gt;" type="org.opentest4j.AssertionFailedError"><![CDATA[org.opentest4j.AssertionFailedError: expected: <-1.0> but was: <9.223372036854776E17>
	at main.TestCalc2.testNegativeOrZeroheight(TestCalc2.java:128)
]]></failure>
  </testcase>
  <testcase name="testNormalWeight" classname="main.TestCalc2" time="0">
    <error message="Unresolved compilation problem: &#10;	The method getBMICategoryString(double, double) is undefined for the type BMICalc&#10;" type="java.lang.Error">java.lang.Error: 
Unresolved compilation problem: 
	The method getBMICategoryString(double, double) is undefined for the type BMICalc

	at main.TestCalc2.testNormalWeight(TestCalc2.java:49)
</error>
  </testcase>
  <testcase name="testObeseBoundary" classname="main.TestCalc2" time="0">
    <error message="Unresolved compilation problem: &#10;	The method getBMICategoryString(double, double) is undefined for the type BMICalc&#10;" type="java.lang.Error">java.lang.Error: 
Unresolved compilation problem: 
	The method getBMICategoryString(double, double) is undefined for the type BMICalc

	at main.TestCalc2.testObeseBoundary(TestCalc2.java:91)
</error>
  </testcase>
  <testcase name="testOverweight" classname="main.TestCalc2" time="0.013">
    <error message="Unresolved compilation problem: &#10;	The method getBMICategoryString(double, double) is undefined for the type BMICalc&#10;" type="java.lang.Error">java.lang.Error: 
Unresolved compilation problem: 
	The method getBMICategoryString(double, double) is undefined for the type BMICalc

	at main.TestCalc2.testOverweight(TestCalc2.java:77)
</error>
  </testcase>
  <testcase name="testNormalWeightBoundary" classname="main.TestCalc2" time="0.002">
    <error message="Unresolved compilation problem: &#10;	The method getBMICategoryString(double, double) is undefined for the type BMICalc&#10;" type="java.lang.Error">java.lang.Error: 
Unresolved compilation problem: 
	The method getBMICategoryString(double, double) is undefined for the type BMICalc

	at main.TestCalc2.testNormalWeightBoundary(TestCalc2.java:35)
</error>
  </testcase>
</testsuite>