<?xml version="1.0" encoding="UTF-8"?>
<testsuite xmlns:xsi="http://www.w3.org/2001/XMLSchema-instance" xsi:noNamespaceSchemaLocation="https://maven.apache.org/surefire/maven-surefire-plugin/xsd/surefire-test-report.xsd" name="main.TestCalc2" time="0.015" tests="9" errors="7" skipped="0" failures="2">
  <properties>
    <property name="java.specification.version" value="21"/>
    <property name="sun.cpu.isalist" value="amd64"/>
    <property name="sun.jnu.encoding" value="Cp1252"/>
    <property name="java.class.path" value="c:\Users\eehyp\Desktop\ohjlmTEST\Vko1\ohjtest\target\test-classes;c:\Users\eehyp\Desktop\ohjlmTEST\Vko1\ohjtest\target\classes;C:\Users\eehyp\.m2\repository\junit\junit\4.11\junit-4.11.jar;C:\Users\eehyp\.m2\repository\org\hamcrest\hamcrest-core\1.3\hamcrest-core-1.3.jar;C:\Users\eehyp\.m2\repository\org\junit\jupiter\junit-jupiter-engine\5.8.1\junit-jupiter-engine-5.8.1.jar;C:\Users\eehyp\.m2\repository\org\junit\platform\junit-platform-engine\1.8.1\junit-platform-engine-1.8.1.jar;C:\Users\eehyp\.m2\repository\org\opentest4j\opentest4j\1.2.0\opentest4j-1.2.0.jar;C:\Users\eehyp\.m2\repository\org\junit\platform\junit-platform-commons\1.8.1\junit-platform-commons-1.8.1.jar;C:\Users\eehyp\.m2\repository\org\junit\jupiter\junit-jupiter-api\5.8.1\junit-jupiter-api-5.8.1.jar;C:\Users\eehyp\.m2\repository\org\apiguardian\apiguardian-api\1.1.2\apiguardian-api-1.1.2.jar;"/>
    <property name="java.vm.vendor" value="Oracle Corporation"/>
    <property name="sun.arch.data.model" value="64"/>
    <property name="user.variant" value=""/>
    <property name="java.vendor.url" value="https://java.oracle.com/"/>
    <property name="user.timezone" value="Europe/Helsinki"/>
    <property name="os.name" value="Windows 11"/>
    <property name="java.vm.specification.version" value="21"/>
    <property name="sun.java.launcher" value="SUN_STANDARD"/>
    <property name="user.country" value="FI"/>
    <property name="sun.boot.library.path" value="C:\Program Files\Java\jdk-21\bin"/>
    <property name="sun.java.command" value="C:\Users\eehyp\AppData\Local\Temp\surefire11728261656403258345\surefirebooter12089429268502114220.jar C:\Users\eehyp\AppData\Local\Temp\surefire11728261656403258345 2024-06-13T13-13-43_467-jvmRun1 surefire7501067640983901162tmp surefire_06327587275721485950tmp"/>
    <property name="jdk.debug" value="release"/>
    <property name="surefire.test.class.path" value="c:\Users\eehyp\Desktop\ohjlmTEST\Vko1\ohjtest\target\test-classes;c:\Users\eehyp\Desktop\ohjlmTEST\Vko1\ohjtest\target\classes;C:\Users\eehyp\.m2\repository\junit\junit\4.11\junit-4.11.jar;C:\Users\eehyp\.m2\repository\org\hamcrest\hamcrest-core\1.3\hamcrest-core-1.3.jar;C:\Users\eehyp\.m2\repository\org\junit\jupiter\junit-jupiter-engine\5.8.1\junit-jupiter-engine-5.8.1.jar;C:\Users\eehyp\.m2\repository\org\junit\platform\junit-platform-engine\1.8.1\junit-platform-engine-1.8.1.jar;C:\Users\eehyp\.m2\repository\org\opentest4j\opentest4j\1.2.0\opentest4j-1.2.0.jar;C:\Users\eehyp\.m2\repository\org\junit\platform\junit-platform-commons\1.8.1\junit-platform-commons-1.8.1.jar;C:\Users\eehyp\.m2\repository\org\junit\jupiter\junit-jupiter-api\5.8.1\junit-jupiter-api-5.8.1.jar;C:\Users\eehyp\.m2\repository\org\apiguardian\apiguardian-api\1.1.2\apiguardian-api-1.1.2.jar;"/>
    <property name="sun.cpu.endian" value="little"/>
    <property name="user.home" value="C:\Users\eehyp"/>
    <property name="user.language" value="fi"/>
    <property name="java.specification.vendor" value="Oracle Corporation"/>
    <property name="java.version.date" value="2023-10-17"/>
    <property name="java.home" value="C:\Program Files\Java\jdk-21"/>
    <property name="file.separator" value="\"/>
    <property name="basedir" value="c:\Users\eehyp\Desktop\ohjlmTEST\Vko1\ohjtest"/>
    <property name="java.vm.compressedOopsMode" value="Zero based"/>
    <property name="line.separator" value="&#10;"/>
    <property name="java.vm.specification.vendor" value="Oracle Corporation"/>
    <property name="java.specification.name" value="Java Platform API Specification"/>
    <property name="surefire.real.class.path" value="C:\Users\eehyp\AppData\Local\Temp\surefire11728261656403258345\surefirebooter12089429268502114220.jar"/>
    <property name="user.script" value=""/>
    <property name="sun.management.compiler" value="HotSpot 64-Bit Tiered Compilers"/>
    <property name="java.runtime.version" value="21.0.1+12-LTS-29"/>
    <property name="user.name" value="eehyp"/>
    <property name="stdout.encoding" value="Cp1252"/>
    <property name="path.separator" value=";"/>
    <property name="os.version" value="10.0"/>
    <property name="java.runtime.name" value="Java(TM) SE Runtime Environment"/>
    <property name="file.encoding" value="UTF-8"/>
    <property name="java.vm.name" value="Java HotSpot(TM) 64-Bit Server VM"/>
    <property name="localRepository" value="C:\Users\eehyp\.m2\repository"/>
    <property name="java.vendor.url.bug" value="https://bugreport.java.com/bugreport/"/>
    <property name="java.io.tmpdir" value="C:\Users\eehyp\AppData\Local\Temp\"/>
    <property name="java.version" value="21.0.1"/>
    <property name="user.dir" value="c:\Users\eehyp\Desktop\ohjlmTEST\Vko1\ohjtest"/>
    <property name="os.arch" value="amd64"/>
    <property name="java.vm.specification.name" value="Java Virtual Machine Specification"/>
    <property name="sun.os.patch.level" value=""/>
    <property name="native.encoding" value="Cp1252"/>
    <property name="java.library.path" value="C:\Program Files\Java\jdk-21\bin;C:\Windows\Sun\Java\bin;C:\Windows\system32;C:\Windows;C:\Program Files\Common Files\Oracle\Java\javapath;C:\Windows\system32;C:\Windows;C:\Windows\System32\Wbem;C:\Windows\System32\WindowsPowerShell\v1.0\;C:\Windows\System32\OpenSSH\;C:\Program Files\dotnet\;C:\Program Files\apache-maven-3.9.6\bin;C:\Users\eehyp\AppData\Local\Programs\Python\Launcher\;C:\Program Files\Git\cmd;C:\Users\eehyp\AppData\Local\Programs\Python\Launcher\;C:\Users\eehyp\AppData\Local\Microsoft\WindowsApps;C:\Users\eehyp\AppData\Local\Programs\Microsoft VS Code\bin;C:\Program Files\apache-maven-3.9.6\bin;C:\Users\eehyp\AppData\Local\GitHubDesktop\bin;;."/>
    <property name="java.vm.info" value="mixed mode, sharing"/>
    <property name="stderr.encoding" value="Cp1252"/>
    <property name="java.vendor" value="Oracle Corporation"/>
    <property name="java.vm.version" value="21.0.1+12-LTS-29"/>
    <property name="sun.io.unicode.encoding" value="UnicodeLittle"/>
    <property name="java.class.version" value="65.0"/>
  </properties>
  <testcase name="testObese" classname="main.TestCalc2" time="0">
    <error message="Unresolved compilation problem: &#10;	The method getBMICategoryString(double, double) is undefined for the type BMICalc&#10;" type="java.lang.Error">java.lang.Error: 
Unresolved compilation problem: 
	The method getBMICategoryString(double, double) is undefined for the type BMICalc

	at main.TestCalc2.testObese(TestCalc2.java:105)
</error>
  </testcase>
  <testcase name="testNegativeOrZeroWeight" classname="main.TestCalc2" time="0">
    <failure message="expected: &lt;-1.0&gt; but was: &lt;0.0&gt;" type="org.opentest4j.AssertionFailedError"><![CDATA[org.opentest4j.AssertionFailedError: expected: <-1.0> but was: <0.0>
	at main.TestCalc2.testNegativeOrZeroWeight(TestCalc2.java:118)
]]></failure>
  </testcase>
  <testcase name="testOverweightBoundary" classname="main.TestCalc2" time="0">
    <error message="Unresolved compilation problem: &#10;	The method getBMICategoryString(double, double) is undefined for the type BMICalc&#10;" type="java.lang.Error">java.lang.Error: 
Unresolved compilation problem: 
	The method getBMICategoryString(double, double) is undefined for the type BMICalc

	at main.TestCalc2.testOverweightBoundary(TestCalc2.java:63)
</error>
  </testcase>
  <testcase name="testUnderweight" classname="main.TestCalc2" time="0">
    <error message="Unresolved compilation problem: &#10;	The method getBMICategoryString(double, double) is undefined for the type BMICalc&#10;" type="java.lang.Error">java.lang.Error: 
Unresolved compilation problem: 
	The method getBMICategoryString(double, double) is undefined for the type BMICalc

	at main.TestCalc2.testUnderweight(TestCalc2.java:21)
</error>
  </testcase>
  <testcase name="testNegativeOrZeroheight" classname="main.TestCalc2" time="0">
    <failure message="expected: &lt;-1.0&gt; but was: &lt;9.223372036854776E17&gt;" type="org.opentest4j.AssertionFailedError"><![CDATA[org.opentest4j.AssertionFailedError: expected: <-1.0> but was: <9.223372036854776E17>
	at main.TestCalc2.testNegativeOrZeroheight(TestCalc2.java:128)
]]></failure>
  </testcase>
  <testcase name="testNormalWeight" classname="main.TestCalc2" time="0">
    <error message="Unresolved compilation problem: &#10;	The method getBMICategoryString(double, double) is undefined for the type BMICalc&#10;" type="java.lang.Error">java.lang.Error: 
Unresolved compilation problem: 
	The method getBMICategoryString(double, double) is undefined for the type BMICalc

	at main.TestCalc2.testNormalWeight(TestCalc2.java:49)
</error>
  </testcase>
  <testcase name="testObeseBoundary" classname="main.TestCalc2" time="0">
    <error message="Unresolved compilation problem: &#10;	The method getBMICategoryString(double, double) is undefined for the type BMICalc&#10;" type="java.lang.Error">java.lang.Error: 
Unresolved compilation problem: 
	The method getBMICategoryString(double, double) is undefined for the type BMICalc

	at main.TestCalc2.testObeseBoundary(TestCalc2.java:91)
</error>
  </testcase>
  <testcase name="testOverweight" classname="main.TestCalc2" time="0.013">
    <error message="Unresolved compilation problem: &#10;	The method getBMICategoryString(double, double) is undefined for the type BMICalc&#10;" type="java.lang.Error">java.lang.Error: 
Unresolved compilation problem: 
	The method getBMICategoryString(double, double) is undefined for the type BMICalc

	at main.TestCalc2.testOverweight(TestCalc2.java:77)
</error>
  </testcase>
  <testcase name="testNormalWeightBoundary" classname="main.TestCalc2" time="0.002">
    <error message="Unresolved compilation problem: &#10;	The method getBMICategoryString(double, double) is undefined for the type BMICalc&#10;" type="java.lang.Error">java.lang.Error: 
Unresolved compilation problem: 
	The method getBMICategoryString(double, double) is undefined for the type BMICalc

	at main.TestCalc2.testNormalWeightBoundary(TestCalc2.java:35)
</error>
  </testcase>
</testsuite>